  Building Custom Rule C:/GraphicsProgramming/Computer-Graphics-Labs/CMakeLists.txt
  Lab08_Lighting.cpp
  maths.cpp
  camera.cpp
  model.cpp
C:\GraphicsProgramming\Computer-Graphics-Labs\Lab08_Lighting\Lab08_Lighting.cpp(22,14): error C4430: missing type specifier - int assumed. Note: C++ does not support default-int
C:\GraphicsProgramming\Computer-Graphics-Labs\Lab08_Lighting\Lab08_Lighting.cpp(22,8): error C2146: syntax error: missing ';' before identifier 'camera'
C:\GraphicsProgramming\Computer-Graphics-Labs\Lab08_Lighting\Lab08_Lighting.cpp(114,22): warning C4244: 'initializing': conversion from 'double' to 'float', possible loss of data
C:\GraphicsProgramming\Computer-Graphics-Labs\Lab08_Lighting\Lab08_Lighting.cpp(130,9): error C2065: 'camera': undeclared identifier
C:\GraphicsProgramming\Computer-Graphics-Labs\Lab08_Lighting\Lab08_Lighting.cpp(130,25): error C2065: 'camera': undeclared identifier
C:\GraphicsProgramming\Computer-Graphics-Labs\Lab08_Lighting\Lab08_Lighting.cpp(130,38): error C2065: 'camera': undeclared identifier
C:\GraphicsProgramming\Computer-Graphics-Labs\Lab08_Lighting\Lab08_Lighting.cpp(131,9): error C2065: 'camera': undeclared identifier
C:\GraphicsProgramming\Computer-Graphics-Labs\Lab08_Lighting\Lab08_Lighting.cpp(140,25): error C2065: 'camera': undeclared identifier
C:\GraphicsProgramming\Computer-Graphics-Labs\Lab08_Lighting\Lab08_Lighting.cpp(140,45): error C2065: 'camera': undeclared identifier
C:\GraphicsProgramming\Computer-Graphics-Labs\Lab08_Lighting\Lab08_Lighting.cpp(169,9): error C2065: 'camera': undeclared identifier
C:\GraphicsProgramming\Computer-Graphics-Labs\Lab08_Lighting\Lab08_Lighting.cpp(169,42): error C2065: 'camera': undeclared identifier
C:\GraphicsProgramming\Computer-Graphics-Labs\Lab08_Lighting\Lab08_Lighting.cpp(172,9): error C2065: 'camera': undeclared identifier
C:\GraphicsProgramming\Computer-Graphics-Labs\Lab08_Lighting\Lab08_Lighting.cpp(172,42): error C2065: 'camera': undeclared identifier
C:\GraphicsProgramming\Computer-Graphics-Labs\Lab08_Lighting\Lab08_Lighting.cpp(175,9): error C2065: 'camera': undeclared identifier
C:\GraphicsProgramming\Computer-Graphics-Labs\Lab08_Lighting\Lab08_Lighting.cpp(175,42): error C2065: 'camera': undeclared identifier
C:\GraphicsProgramming\Computer-Graphics-Labs\Lab08_Lighting\Lab08_Lighting.cpp(178,9): error C2065: 'camera': undeclared identifier
C:\GraphicsProgramming\Computer-Graphics-Labs\Lab08_Lighting\Lab08_Lighting.cpp(178,42): error C2065: 'camera': undeclared identifier
C:\GraphicsProgramming\Computer-Graphics-Labs\Lab08_Lighting\Lab08_Lighting.cpp(189,5): error C2065: 'camera': undeclared identifier
C:\GraphicsProgramming\Computer-Graphics-Labs\Lab08_Lighting\Lab08_Lighting.cpp(190,5): error C2065: 'camera': undeclared identifier
C:\GraphicsProgramming\Computer-Graphics-Labs\Lab08_Lighting\Lab08_Lighting.cpp(193,5): error C2065: 'camera': undeclared identifier
