  Building Custom Rule C:/GraphicsProgramming/Computer-Graphics-Labs/CMakeLists.txt
  Lab09_Normal_maps.cpp
  maths.cpp
  camera.cpp
  model.cpp
  light.cpp
C:\GraphicsProgramming\Computer-Graphics-Labs\Lab09_Normal_maps\Lab09_Normal_maps.cpp(23,14): error C4430: missing type specifier - int assumed. Note: C++ does not support default-int
C:\GraphicsProgramming\Computer-Graphics-Labs\Lab09_Normal_maps\Lab09_Normal_maps.cpp(23,8): error C2146: syntax error: missing ';' before identifier 'camera'
C:\GraphicsProgramming\Computer-Graphics-Labs\Lab09_Normal_maps\Lab09_Normal_maps.cpp(128,40): error C2653: 'Maths': is not a class or namespace name
C:\GraphicsProgramming\Computer-Graphics-Labs\Lab09_Normal_maps\Lab09_Normal_maps.cpp(128,47): error C3861: 'radians': identifier not found
C:\GraphicsProgramming\Computer-Graphics-Labs\Lab09_Normal_maps\Lab09_Normal_maps.cpp(124,17): error C2660: 'Light::addSpotLight': function does not take 6 arguments
  C:\GraphicsProgramming\Computer-Graphics-Labs\common\light.hpp(28,10):
  see declaration of 'Light::addSpotLight'
  C:\GraphicsProgramming\Computer-Graphics-Labs\Lab09_Normal_maps\Lab09_Normal_maps.cpp(124,17):
  while trying to match the argument list '(glm::vec3, glm::vec3, glm::vec3, float, float, float)'
  
C:\GraphicsProgramming\Computer-Graphics-Labs\Lab09_Normal_maps\Lab09_Normal_maps.cpp(156,27): error C2653: 'Maths': is not a class or namespace name
C:\GraphicsProgramming\Computer-Graphics-Labs\Lab09_Normal_maps\Lab09_Normal_maps.cpp(156,34): error C3861: 'radians': identifier not found
C:\GraphicsProgramming\Computer-Graphics-Labs\Lab09_Normal_maps\Lab09_Normal_maps.cpp(164,22): warning C4244: 'initializing': conversion from 'double' to 'float', possible loss of data
C:\GraphicsProgramming\Computer-Graphics-Labs\Lab09_Normal_maps\Lab09_Normal_maps.cpp(177,9): error C2065: 'camera': undeclared identifier
C:\GraphicsProgramming\Computer-Graphics-Labs\Lab09_Normal_maps\Lab09_Normal_maps.cpp(177,25): error C2065: 'camera': undeclared identifier
C:\GraphicsProgramming\Computer-Graphics-Labs\Lab09_Normal_maps\Lab09_Normal_maps.cpp(177,38): error C2065: 'camera': undeclared identifier
C:\GraphicsProgramming\Computer-Graphics-Labs\Lab09_Normal_maps\Lab09_Normal_maps.cpp(178,9): error C2065: 'camera': undeclared identifier
C:\GraphicsProgramming\Computer-Graphics-Labs\Lab09_Normal_maps\Lab09_Normal_maps.cpp(184,41): error C2065: 'camera': undeclared identifier
C:\GraphicsProgramming\Computer-Graphics-Labs\Lab09_Normal_maps\Lab09_Normal_maps.cpp(184,21): error C2660: 'Light::toShader': function does not take 1 arguments
  C:\GraphicsProgramming\Computer-Graphics-Labs\common\light.hpp(35,10):
  see declaration of 'Light::toShader'
  C:\GraphicsProgramming\Computer-Graphics-Labs\Lab09_Normal_maps\Lab09_Normal_maps.cpp(184,21):
  while trying to match the argument list '(unsigned int)'
  
C:\GraphicsProgramming\Computer-Graphics-Labs\Lab09_Normal_maps\Lab09_Normal_maps.cpp(190,35): error C2653: 'Maths': is not a class or namespace name
C:\GraphicsProgramming\Computer-Graphics-Labs\Lab09_Normal_maps\Lab09_Normal_maps.cpp(190,42): error C2064: term does not evaluate to a function taking 1 arguments
C:\GraphicsProgramming\Computer-Graphics-Labs\Lab09_Normal_maps\Lab09_Normal_maps.cpp(191,35): error C2653: 'Maths': is not a class or namespace name
C:\GraphicsProgramming\Computer-Graphics-Labs\Lab09_Normal_maps\Lab09_Normal_maps.cpp(191,42): error C2064: term does not evaluate to a function taking 1 arguments
C:\GraphicsProgramming\Computer-Graphics-Labs\Lab09_Normal_maps\Lab09_Normal_maps.cpp(192,35): error C2653: 'Maths': is not a class or namespace name
C:\GraphicsProgramming\Computer-Graphics-Labs\Lab09_Normal_maps\Lab09_Normal_maps.cpp(192,42): error C2064: term does not evaluate to a function taking 2 arguments
C:\GraphicsProgramming\Computer-Graphics-Labs\Lab09_Normal_maps\Lab09_Normal_maps.cpp(196,29): error C2065: 'camera': undeclared identifier
C:\GraphicsProgramming\Computer-Graphics-Labs\Lab09_Normal_maps\Lab09_Normal_maps.cpp(197,29): error C2065: 'camera': undeclared identifier
C:\GraphicsProgramming\Computer-Graphics-Labs\Lab09_Normal_maps\Lab09_Normal_maps.cpp(207,42): error C2065: 'camera': undeclared identifier
C:\GraphicsProgramming\Computer-Graphics-Labs\Lab09_Normal_maps\Lab09_Normal_maps.cpp(207,55): error C2065: 'camera': undeclared identifier
C:\GraphicsProgramming\Computer-Graphics-Labs\Lab09_Normal_maps\Lab09_Normal_maps.cpp(207,21): error C2660: 'Light::draw': function does not take 2 arguments
  C:\GraphicsProgramming\Computer-Graphics-Labs\common\light.hpp(38,10):
  see declaration of 'Light::draw'
  C:\GraphicsProgramming\Computer-Graphics-Labs\Lab09_Normal_maps\Lab09_Normal_maps.cpp(207,21):
  while trying to match the argument list '(unsigned int, Model)'
  
C:\GraphicsProgramming\Computer-Graphics-Labs\Lab09_Normal_maps\Lab09_Normal_maps.cpp(230,9): error C2065: 'camera': undeclared identifier
C:\GraphicsProgramming\Computer-Graphics-Labs\Lab09_Normal_maps\Lab09_Normal_maps.cpp(230,42): error C2065: 'camera': undeclared identifier
C:\GraphicsProgramming\Computer-Graphics-Labs\Lab09_Normal_maps\Lab09_Normal_maps.cpp(233,9): error C2065: 'camera': undeclared identifier
C:\GraphicsProgramming\Computer-Graphics-Labs\Lab09_Normal_maps\Lab09_Normal_maps.cpp(233,42): error C2065: 'camera': undeclared identifier
C:\GraphicsProgramming\Computer-Graphics-Labs\Lab09_Normal_maps\Lab09_Normal_maps.cpp(236,9): error C2065: 'camera': undeclared identifier
C:\GraphicsProgramming\Computer-Graphics-Labs\Lab09_Normal_maps\Lab09_Normal_maps.cpp(236,42): error C2065: 'camera': undeclared identifier
C:\GraphicsProgramming\Computer-Graphics-Labs\Lab09_Normal_maps\Lab09_Normal_maps.cpp(239,9): error C2065: 'camera': undeclared identifier
C:\GraphicsProgramming\Computer-Graphics-Labs\Lab09_Normal_maps\Lab09_Normal_maps.cpp(239,42): error C2065: 'camera': undeclared identifier
C:\GraphicsProgramming\Computer-Graphics-Labs\Lab09_Normal_maps\Lab09_Normal_maps.cpp(250,5): error C2065: 'camera': undeclared identifier
C:\GraphicsProgramming\Computer-Graphics-Labs\Lab09_Normal_maps\Lab09_Normal_maps.cpp(251,5): error C2065: 'camera': undeclared identifier
C:\GraphicsProgramming\Computer-Graphics-Labs\Lab09_Normal_maps\Lab09_Normal_maps.cpp(254,5): error C2065: 'camera': undeclared identifier
